<?xml version="1.0" encoding="UTF-8"?>
<testng-results skipped="0" failed="0" ignored="0" total="2" passed="2">
  <reporter-output>
  </reporter-output>
  <suite name="Suite" duration-ms="47" started-at="2019-11-20T13:39:21 CST" finished-at="2019-11-20T13:39:21 CST">
    <groups>
    </groups>
    <test name="Test" duration-ms="47" started-at="2019-11-20T13:39:21 CST" finished-at="2019-11-20T13:39:21 CST">
      <class name="qaclickacademy.SeleniumTest">
        <test-method status="PASS" signature="BrowserAutomation()[pri:0, instance:qaclickacademy.SeleniumTest@335eadca]" name="BrowserAutomation" duration-ms="6" started-at="2019-11-20T13:39:21 CST" finished-at="2019-11-20T13:39:21 CST">
          <reporter-output>
          </reporter-output>
        </test-method> <!-- BrowserAutomation -->
        <test-method status="PASS" signature="elementutil()[pri:0, instance:qaclickacademy.SeleniumTest@335eadca]" name="elementutil" duration-ms="0" started-at="2019-11-20T13:39:21 CST" finished-at="2019-11-20T13:39:21 CST">
          <reporter-output>
          </reporter-output>
        </test-method> <!-- elementutil -->
      </class> <!-- qaclickacademy.SeleniumTest -->
    </test> <!-- Test -->
  </suite> <!-- Suite -->
</testng-results>
