<?xml version="1.0" encoding="UTF-8"?>
<!-- Generated by org.testng.reporters.JUnitXMLReporter -->
<testsuite hostname="DELL-LQP79EOJSP" ignored="0" name="Homepage Validation" tests="2" failures="0" timestamp="2019-12-25T21:58:44 CST" time="0.078" errors="0">
  <testcase name="@BeforeTest initializebrowser" time="0.015" classname="Testing.Assetvalidation">
    <failure type="java.lang.NullPointerException">
      <![CDATA[java.lang.NullPointerException
at java.io.FileInputStream.<init>(Unknown Source)
at java.io.FileInputStream.<init>(Unknown Source)
at Resources.Baseclass.initializeDriver(Baseclass.java:27)
at Testing.Assetvalidation.initializebrowser(Assetvalidation.java:23)
at java.util.concurrent.FutureTask.run(Unknown Source)
at java.util.concurrent.ThreadPoolExecutor.runWorker(Unknown Source)
at java.util.concurrent.ThreadPoolExecutor$Worker.run(Unknown Source)
at java.lang.Thread.run(Unknown Source)
... Removed 15 stack frames]]>
    </failure>
  </testcase> <!-- @BeforeTest initializebrowser -->
  <testcase name="@AfterTest closebrowser" time="-1.57733272436E9" classname="Testing.Assetvalidation">
    <skipped/>
  </testcase> <!-- @AfterTest closebrowser -->
  <testcase name="Assertions" time="0.0" classname="Testing.Assetvalidation">
    <skipped/>
  </testcase> <!-- Assertions -->
  <testcase name="validatingtext" time="0.0" classname="Testing.Assetvalidation">
    <skipped/>
  </testcase> <!-- validatingtext -->
</testsuite> <!-- Homepage Validation -->
