<?xml version="1.0" encoding="UTF-8"?>
<!-- Generated by org.testng.reporters.JUnitXMLReporter -->
<testsuite hostname="DELL-LQP79EOJSP" ignored="0" name="Test" tests="3" failures="0" timestamp="2019-12-04T16:53:18 CST" time="38.256" errors="0">
  <testcase name="basepageNavigation" time="16.517" classname="Testing.Homepage"/>
  <testcase name="basepageNavigation" time="13.851" classname="Testing.Homepage"/>
  <testcase name="Assertions" time="0.136" classname="Testing.Assetvalidation"/>
</testsuite> <!-- Test -->
