<?xml version="1.0" encoding="UTF-8"?>
<testsuite xmlns:xsi="http://www.w3.org/2001/XMLSchema-instance" xsi:noNamespaceSchemaLocation="https://maven.apache.org/surefire/maven-surefire-plugin/xsd/surefire-test-report-3.0.xsd" version="3.0" name="TestSuite" time="2.971" tests="6" errors="0" skipped="3" failures="3">
  <properties>
[...]
</properties>
  <testcase name="initializebrowser" classname="Testing.Assetvalidation" time="1.855">
    <failure message="session not created: This version of ChromeDriver only supports Chrome version 77&#10;Build info: version: &apos;3.141.59&apos;, revision: &apos;e82be7d358&apos;, time: &apos;2018-11-14T08:17:03&apos;&#10;System info: host: &apos;DELL-LQP79EOJSP&apos;, ip: &apos;192.168.1.143&apos;, os.name: &apos;Windows 8.1&apos;, os.arch: &apos;amd64&apos;, os.version: &apos;6.3&apos;, java.version: &apos;1.8.0_231&apos;&#10;Driver info: driver.version: ChromeDriver&#10;remote stacktrace: Backtrace:&#10;	Ordinal0 [0x0135EB13+1501971]&#10;	Ordinal0 [0x012DF6D1+980689]&#10;	Ordinal0 [0x0126765F+489055]&#10;	Ordinal0 [0x011FF2F4+62196]&#10;	Ordinal0 [0x011FBCDA+48346]&#10;	Ordinal0 [0x01219800+169984]&#10;	Ordinal0 [0x0121942D+169005]&#10;	Ordinal0 [0x012178EB+162027]&#10;	Ordinal0 [0x01200AC7+68295]&#10;	Ordinal0 [0x01201B40+72512]&#10;	Ordinal0 [0x01201AD9+72409]&#10;	Ordinal0 [0x012F8F37+1085239]&#10;	GetHandleVerifier [0x013FD7ED+503293]&#10;	GetHandleVerifier [0x013FD580+502672]&#10;	GetHandleVerifier [0x014046AC+531644]&#10;	GetHandleVerifier [0x013FDFFA+505354]&#10;	Ordinal0 [0x012F0606+1050118]&#10;	Ordinal0 [0x012F047F+1049727]&#10;	Ordinal0 [0x012FAF9B+1093531]&#10;	Ordinal0 [0x012FB103+1093891]&#10;	Ordinal0 [0x012FA095+1089685]&#10;	BaseThreadInitThunk [0x75E96A14+36]&#10;	RtlInitializeExceptionChain [0x77CDAD8F+143]&#10;	RtlInitializeExceptionChain [0x77CDAD5A+90]&#10;" type="org.openqa.selenium.SessionNotCreatedException"><![CDATA[org.openqa.selenium.SessionNotCreatedException: 
session not created: This version of ChromeDriver only supports Chrome version 77
Build info: version: '3.141.59', revision: 'e82be7d358', time: '2018-11-14T08:17:03'
System info: host: 'DELL-LQP79EOJSP', ip: '192.168.1.143', os.name: 'Windows 8.1', os.arch: 'amd64', os.version: '6.3', java.version: '1.8.0_231'
Driver info: driver.version: ChromeDriver
remote stacktrace: Backtrace:
	Ordinal0 [0x0135EB13+1501971]
	Ordinal0 [0x012DF6D1+980689]
	Ordinal0 [0x0126765F+489055]
	Ordinal0 [0x011FF2F4+62196]
	Ordinal0 [0x011FBCDA+48346]
	Ordinal0 [0x01219800+169984]
	Ordinal0 [0x0121942D+169005]
	Ordinal0 [0x012178EB+162027]
	Ordinal0 [0x01200AC7+68295]
	Ordinal0 [0x01201B40+72512]
	Ordinal0 [0x01201AD9+72409]
	Ordinal0 [0x012F8F37+1085239]
	GetHandleVerifier [0x013FD7ED+503293]
	GetHandleVerifier [0x013FD580+502672]
	GetHandleVerifier [0x014046AC+531644]
	GetHandleVerifier [0x013FDFFA+505354]
	Ordinal0 [0x012F0606+1050118]
	Ordinal0 [0x012F047F+1049727]
	Ordinal0 [0x012FAF9B+1093531]
	Ordinal0 [0x012FB103+1093891]
	Ordinal0 [0x012FA095+1089685]
	BaseThreadInitThunk [0x75E96A14+36]
	RtlInitializeExceptionChain [0x77CDAD8F+143]
	RtlInitializeExceptionChain [0x77CDAD5A+90]

	at Testing.Assetvalidation.initializebrowser(Assetvalidation.java:23)
]]></failure>
    <system-err><![CDATA[ERROR StatusLogger No Log4j 2 configuration file found. Using default configuration (logging only errors to the console), or user programmatically provided configurations. Set system property 'log4j2.debug' to show Log4j 2 internal initialization logging. See https://logging.apache.org/log4j/2.x/manual/configuration.html for instructions on how to configure Log4j 2
Starting ChromeDriver 77.0.3865.40 (f484704e052e0b556f8030b65b953dce96503217-refs/branch-heads/3865@{#442}) on port 9192
Only local connections are allowed.
Please protect ports used by ChromeDriveStarting ChromeDriver 77.0.3865r.4 0a nd related test frameworks to p(rf484704e052e0b556f8030b65b953dce9650e3v2e1n7-tr eaccess by malifs/branch-heads/3865@{#442}) on port 2837cious code.
2
Only local connections are allowed.
Please protect ports used by ChromeDriver and related test frameworks to prevent access by malicious code.
]]></system-err>
  </testcase>
  <testcase name="Assertions" classname="Testing.Assetvalidation" time="0">
    <skipped message="session not created: This version of ChromeDriver only supports Chrome version 77&#10;Build info: version: &apos;3.141.59&apos;, revision: &apos;e82be7d358&apos;, time: &apos;2018-11-14T08:17:03&apos;&#10;System info: host: &apos;DELL-LQP79EOJSP&apos;, ip: &apos;192.168.1.143&apos;, os.name: &apos;Windows 8.1&apos;, os.arch: &apos;amd64&apos;, os.version: &apos;6.3&apos;, java.version: &apos;1.8.0_231&apos;&#10;Driver info: driver.version: ChromeDriver&#10;remote stacktrace: Backtrace:&#10;	Ordinal0 [0x0135EB13+1501971]&#10;	Ordinal0 [0x012DF6D1+980689]&#10;	Ordinal0 [0x0126765F+489055]&#10;	Ordinal0 [0x011FF2F4+62196]&#10;	Ordinal0 [0x011FBCDA+48346]&#10;	Ordinal0 [0x01219800+169984]&#10;	Ordinal0 [0x0121942D+169005]&#10;	Ordinal0 [0x012178EB+162027]&#10;	Ordinal0 [0x01200AC7+68295]&#10;	Ordinal0 [0x01201B40+72512]&#10;	Ordinal0 [0x01201AD9+72409]&#10;	Ordinal0 [0x012F8F37+1085239]&#10;	GetHandleVerifier [0x013FD7ED+503293]&#10;	GetHandleVerifier [0x013FD580+502672]&#10;	GetHandleVerifier [0x014046AC+531644]&#10;	GetHandleVerifier [0x013FDFFA+505354]&#10;	Ordinal0 [0x012F0606+1050118]&#10;	Ordinal0 [0x012F047F+1049727]&#10;	Ordinal0 [0x012FAF9B+1093531]&#10;	Ordinal0 [0x012FB103+1093891]&#10;	Ordinal0 [0x012FA095+1089685]&#10;	BaseThreadInitThunk [0x75E96A14+36]&#10;	RtlInitializeExceptionChain [0x77CDAD8F+143]&#10;	RtlInitializeExceptionChain [0x77CDAD5A+90]&#10;"/>
  </testcase>
  <testcase name="validatingtext" classname="Testing.Assetvalidation" time="0">
    <skipped message="session not created: This version of ChromeDriver only supports Chrome version 77&#10;Build info: version: &apos;3.141.59&apos;, revision: &apos;e82be7d358&apos;, time: &apos;2018-11-14T08:17:03&apos;&#10;System info: host: &apos;DELL-LQP79EOJSP&apos;, ip: &apos;192.168.1.143&apos;, os.name: &apos;Windows 8.1&apos;, os.arch: &apos;amd64&apos;, os.version: &apos;6.3&apos;, java.version: &apos;1.8.0_231&apos;&#10;Driver info: driver.version: ChromeDriver&#10;remote stacktrace: Backtrace:&#10;	Ordinal0 [0x0135EB13+1501971]&#10;	Ordinal0 [0x012DF6D1+980689]&#10;	Ordinal0 [0x0126765F+489055]&#10;	Ordinal0 [0x011FF2F4+62196]&#10;	Ordinal0 [0x011FBCDA+48346]&#10;	Ordinal0 [0x01219800+169984]&#10;	Ordinal0 [0x0121942D+169005]&#10;	Ordinal0 [0x012178EB+162027]&#10;	Ordinal0 [0x01200AC7+68295]&#10;	Ordinal0 [0x01201B40+72512]&#10;	Ordinal0 [0x01201AD9+72409]&#10;	Ordinal0 [0x012F8F37+1085239]&#10;	GetHandleVerifier [0x013FD7ED+503293]&#10;	GetHandleVerifier [0x013FD580+502672]&#10;	GetHandleVerifier [0x014046AC+531644]&#10;	GetHandleVerifier [0x013FDFFA+505354]&#10;	Ordinal0 [0x012F0606+1050118]&#10;	Ordinal0 [0x012F047F+1049727]&#10;	Ordinal0 [0x012FAF9B+1093531]&#10;	Ordinal0 [0x012FB103+1093891]&#10;	Ordinal0 [0x012FA095+1089685]&#10;	BaseThreadInitThunk [0x75E96A14+36]&#10;	RtlInitializeExceptionChain [0x77CDAD8F+143]&#10;	RtlInitializeExceptionChain [0x77CDAD5A+90]&#10;"/>
  </testcase>
  <testcase name="closebrowser" classname="Testing.Assetvalidation" time="0">
    <skipped/>
  </testcase>
  <testcase name="basepageNavigation" classname="Testing.Homepage" time="0.061">
    <failure message="session not created: This version of ChromeDriver only supports Chrome version 77&#10;Build info: version: &apos;3.141.59&apos;, revision: &apos;e82be7d358&apos;, time: &apos;2018-11-14T08:17:03&apos;&#10;System info: host: &apos;DELL-LQP79EOJSP&apos;, ip: &apos;192.168.1.143&apos;, os.name: &apos;Windows 8.1&apos;, os.arch: &apos;amd64&apos;, os.version: &apos;6.3&apos;, java.version: &apos;1.8.0_231&apos;&#10;Driver info: driver.version: ChromeDriver&#10;remote stacktrace: Backtrace:&#10;	Ordinal0 [0x0135EB13+1501971]&#10;	Ordinal0 [0x012DF6D1+980689]&#10;	Ordinal0 [0x0126765F+489055]&#10;	Ordinal0 [0x011FF2F4+62196]&#10;	Ordinal0 [0x011FBCDA+48346]&#10;	Ordinal0 [0x01219800+169984]&#10;	Ordinal0 [0x0121942D+169005]&#10;	Ordinal0 [0x012178EB+162027]&#10;	Ordinal0 [0x01200AC7+68295]&#10;	Ordinal0 [0x01201B40+72512]&#10;	Ordinal0 [0x01201AD9+72409]&#10;	Ordinal0 [0x012F8F37+1085239]&#10;	GetHandleVerifier [0x013FD7ED+503293]&#10;	GetHandleVerifier [0x013FD580+502672]&#10;	GetHandleVerifier [0x014046AC+531644]&#10;	GetHandleVerifier [0x013FDFFA+505354]&#10;	Ordinal0 [0x012F0606+1050118]&#10;	Ordinal0 [0x012F047F+1049727]&#10;	Ordinal0 [0x012FAF9B+1093531]&#10;	Ordinal0 [0x012FB103+1093891]&#10;	Ordinal0 [0x012FA095+1089685]&#10;	BaseThreadInitThunk [0x75E96A14+36]&#10;	RtlInitializeExceptionChain [0x77CDAD8F+143]&#10;	RtlInitializeExceptionChain [0x77CDAD5A+90]&#10;" type="org.openqa.selenium.SessionNotCreatedException"><![CDATA[org.openqa.selenium.SessionNotCreatedException: 
session not created: This version of ChromeDriver only supports Chrome version 77
Build info: version: '3.141.59', revision: 'e82be7d358', time: '2018-11-14T08:17:03'
System info: host: 'DELL-LQP79EOJSP', ip: '192.168.1.143', os.name: 'Windows 8.1', os.arch: 'amd64', os.version: '6.3', java.version: '1.8.0_231'
Driver info: driver.version: ChromeDriver
remote stacktrace: Backtrace:
	Ordinal0 [0x0135EB13+1501971]
	Ordinal0 [0x012DF6D1+980689]
	Ordinal0 [0x0126765F+489055]
	Ordinal0 [0x011FF2F4+62196]
	Ordinal0 [0x011FBCDA+48346]
	Ordinal0 [0x01219800+169984]
	Ordinal0 [0x0121942D+169005]
	Ordinal0 [0x012178EB+162027]
	Ordinal0 [0x01200AC7+68295]
	Ordinal0 [0x01201B40+72512]
	Ordinal0 [0x01201AD9+72409]
	Ordinal0 [0x012F8F37+1085239]
	GetHandleVerifier [0x013FD7ED+503293]
	GetHandleVerifier [0x013FD580+502672]
	GetHandleVerifier [0x014046AC+531644]
	GetHandleVerifier [0x013FDFFA+505354]
	Ordinal0 [0x012F0606+1050118]
	Ordinal0 [0x012F047F+1049727]
	Ordinal0 [0x012FAF9B+1093531]
	Ordinal0 [0x012FB103+1093891]
	Ordinal0 [0x012FA095+1089685]
	BaseThreadInitThunk [0x75E96A14+36]
	RtlInitializeExceptionChain [0x77CDAD8F+143]
	RtlInitializeExceptionChain [0x77CDAD5A+90]

	at Testing.Homepage.basepageNavigation(Homepage.java:23)
]]></failure>
  </testcase>
  <testcase name="basepageNavigation" classname="Testing.Homepage" time="0.066">
    <failure type="java.lang.NullPointerException"><![CDATA[java.lang.NullPointerException
]]></failure>
    <system-out><![CDATA[Failed atbasepageNavigation
]]></system-out>
  </testcase>
</testsuite>